<?xml version="1.0" encoding="UTF-8"?>
<!-- Generated by org.testng.reporters.JUnitReportReporter -->
<testsuite hostname="DESKTOP-AFN42G6" failures="0" tests="1" name="com.google.cloud.test.HardCoreTest" time="55.916" errors="0" timestamp="2021-08-21T16:54:53 MSK" skipped="0">
  <testcase classname="com.google.cloud.test.HardCoreTest" name="resultValuesAreSimilarToTotalCostInMail" time="55.916"/>
  <system-out/>
</testsuite> <!-- com.google.cloud.test.HardCoreTest -->
